<?xml version="1.0" encoding="UTF-8"?>
<testng-results skipped="0" failed="0" ignored="1" total="2" passed="1">
  <reporter-output>
  </reporter-output>
  <suite name="Default suite" duration-ms="10011" started-at="2021-10-22T10:19:03Z" finished-at="2021-10-22T10:19:13Z">
    <groups>
    </groups>
    <test name="Default test" duration-ms="10011" started-at="2021-10-22T10:19:03Z" finished-at="2021-10-22T10:19:13Z">
      <class name="com.Test.Dashboard_Test">
        <test-method status="PASS" signature="setUp()[pri:0, instance:com.Test.Dashboard_Test@53ca01a2]" name="setUp" is-config="true" duration-ms="8010" started-at="2021-10-22T10:19:03Z" finished-at="2021-10-22T10:19:11Z">
          <reporter-output>
          </reporter-output>
        </test-method> <!-- setUp -->
        <test-method status="PASS" signature="Courses_Offered()[pri:0, instance:com.Test.Dashboard_Test@53ca01a2]" name="Courses_Offered" duration-ms="1948" started-at="2021-10-22T10:19:11Z" finished-at="2021-10-22T10:19:13Z">
          <reporter-output>
          </reporter-output>
        </test-method> <!-- Courses_Offered -->
      </class> <!-- com.Test.Dashboard_Test -->
    </test> <!-- Default test -->
  </suite> <!-- Default suite -->
</testng-results>
