<?xml version="1.0" encoding="UTF-8"?>
<!-- Generated by org.testng.reporters.JUnitXMLReporter -->
<testsuite hostname="DESKTOP-6JS32GC" ignored="1" name="Default test" tests="1" failures="0" timestamp="22 Oct 2021 10:19:13 GMT" time="10.011" errors="0">
  <testcase name="Courses_Offered" time="1.948" classname="com.Test.Dashboard_Test"/>
  <testcase name="User_added" time="0.0" classname="com.Test.Dashboard_Test">
    <ignored/>
  </testcase> <!-- User_added -->
</testsuite> <!-- Default test -->
